<?xml version="1.0" encoding="UTF-8"?>
<testng-results ignored="0" total="1" passed="1" failed="0" skipped="0">
  <reporter-output>
  </reporter-output>
  <suite started-at="2023-06-05T17:06:02 IST" name="Suite2" finished-at="2023-06-05T17:06:20 IST" duration-ms="17927">
    <groups>
    </groups>
    <test started-at="2023-06-05T17:06:02 IST" name="Test2" finished-at="2023-06-05T17:06:20 IST" duration-ms="17927">
      <class name="Test.NewTestMemberSearch">
        <test-method signature="findMember()[pri:0, instance:Test.NewTestMemberSearch@306e95ec]" started-at="2023-06-05T17:06:02 IST" name="findMember" finished-at="2023-06-05T17:06:20 IST" duration-ms="17865" status="PASS">
          <reporter-output>
          </reporter-output>
        </test-method> <!-- findMember -->
      </class> <!-- Test.NewTestMemberSearch -->
    </test> <!-- Test2 -->
  </suite> <!-- Suite2 -->
</testng-results>
